GL_LOG_FILE log. local time Tue Dec 11 10:42:31 2018

Starting GLFW 3.1.2 X11 GLX clock_gettime /dev/js XI Xf86vm sharedRenderer: Mesa DRI Intel(R) UHD Graphics 620 (Kabylake GT2) 
Version: 3.0 Mesa 18.0.5
Creating shader from shaders/vShader.glsl...
Shader compiled. Index 1
Creating shader from shaders/fShader.glsl...
Shader compiled. Index 2
Created programme 3. Attaching shaders 1 and 2...
Program 3 GL_VALIDATE_STATUS = GL_TRUE
Creating shader from shaders/sky_vert.glsl...
Shader compiled. Index 4
Creating shader from shaders/sky_frag.glsl...
Shader compiled. Index 5
Created programme 6. Attaching shaders 4 and 5...
Program 6 GL_VALIDATE_STATUS = GL_TRUE
Creating shader from shaders/vert_debug.glsl...
Shader compiled. Index 7
Creating shader from shaders/frag_debug.glsl...
Shader compiled. Index 8
Created programme 9. Attaching shaders 7 and 8...
Program 9 GL_VALIDATE_STATUS = GL_TRUE
